This file contains any messages produced by compilers while
running configure, to aid debugging if configure makes a mistake.

It was created by antman configure 0.0.1, which was
generated by GNU Autoconf 2.69.  Invocation command line was

  $ ./configure CFLAGS=-I/usr/local/include LDFLAGS=-L/usr/local/lib

## --------- ##
## Platform. ##
## --------- ##

hostname = Friday.broadband
uname -m = x86_64
uname -r = 19.2.0
uname -s = Darwin
uname -v = Darwin Kernel Version 19.2.0: Sat Nov  9 03:47:04 PST 2019; root:xnu-6153.61.1~20/RELEASE_X86_64

/usr/bin/uname -p = i386
/bin/uname -X     = unknown

/bin/arch              = unknown
/usr/bin/arch -k       = unknown
/usr/convex/getsysinfo = unknown
/usr/bin/hostinfo      = Mach kernel version:
	 Darwin Kernel Version 19.2.0: Sat Nov  9 03:47:04 PST 2019; root:xnu-6153.61.1~20/RELEASE_X86_64
Kernel configured for up to 8 processors.
4 processors are physically available.
8 processors are logically available.
Processor type: x86_64h (Intel x86-64h Haswell)
Processors active: 0 1 2 3 4 5 6 7
Primary memory available: 16.00 gigabytes
Default processor set: 489 tasks, 2724 threads, 8 processors
Load average: 4.32, Mach factor: 3.67
/bin/machine           = unknown
/usr/bin/oslevel       = unknown
/bin/universe          = unknown

PATH: /usr/local/sbin
PATH: /Users/willrowe/.gem/ruby/2.6.0/bin
PATH: /Users/willrowe/.rbenv/shims
PATH: /Users/willrowe/anaconda3/bin
PATH: /Users/willrowe/anaconda3/condabin
PATH: /Users/willrowe/bin
PATH: /usr/local/bin
PATH: /usr/bin
PATH: /bin
PATH: /usr/sbin
PATH: /sbin
PATH: /usr/local/go/bin
PATH: /Users/willrowe/go/bin


## ----------- ##
## Core tests. ##
## ----------- ##

configure:2316: checking for a BSD-compatible install
configure:2384: result: /Users/willrowe/anaconda3/bin/install -c
configure:2395: checking whether build environment is sane
configure:2450: result: yes
configure:2601: checking for a thread-safe mkdir -p
configure:2640: result: /Users/willrowe/anaconda3/bin/mkdir -p
configure:2647: checking for gawk
configure:2663: found /usr/local/bin/gawk
configure:2674: result: gawk
configure:2685: checking whether make sets $(MAKE)
configure:2707: result: yes
configure:2736: checking whether make supports nested variables
configure:2753: result: yes
configure:2890: checking whether make supports nested variables
configure:2907: result: yes
configure:2922: checking whether make supports the include directive
configure:2937: make -f confmf.GNU && cat confinc.out
this is the am__doit target
configure:2940: $? = 0
configure:2959: result: yes (GNU style)
configure:3029: checking for gcc
configure:3045: found /usr/local/bin/gcc
configure:3056: result: gcc
configure:3285: checking for C compiler version
configure:3294: gcc --version >&5
gcc (Homebrew GCC 9.2.0_3) 9.2.0
Copyright (C) 2019 Free Software Foundation, Inc.
This is free software; see the source for copying conditions.  There is NO
warranty; not even for MERCHANTABILITY or FITNESS FOR A PARTICULAR PURPOSE.

configure:3305: $? = 0
configure:3294: gcc -v >&5
Using built-in specs.
COLLECT_GCC=gcc
COLLECT_LTO_WRAPPER=/usr/local/Cellar/gcc/9.2.0_3/libexec/gcc/x86_64-apple-darwin19/9.2.0/lto-wrapper
Target: x86_64-apple-darwin19
Configured with: ../configure --build=x86_64-apple-darwin19 --prefix=/usr/local/Cellar/gcc/9.2.0_3 --libdir=/usr/local/Cellar/gcc/9.2.0_3/lib/gcc/9 --disable-nls --enable-checking=release --enable-languages=c,c++,objc,obj-c++,fortran --program-suffix=-9 --with-gmp=/usr/local/opt/gmp --with-mpfr=/usr/local/opt/mpfr --with-mpc=/usr/local/opt/libmpc --with-isl=/usr/local/opt/isl --with-system-zlib --with-pkgversion='Homebrew GCC 9.2.0_3' --with-bugurl=https://github.com/Homebrew/homebrew-core/issues --disable-multilib --with-native-system-header-dir=/usr/include --with-sysroot=/Library/Developer/CommandLineTools/SDKs/MacOSX10.15.sdk
Thread model: posix
gcc version 9.2.0 (Homebrew GCC 9.2.0_3) 
configure:3305: $? = 0
configure:3294: gcc -V >&5
gcc: error: unrecognized command line option '-V'
gcc: fatal error: no input files
compilation terminated.
configure:3305: $? = 1
configure:3294: gcc -qversion >&5
gcc: error: unrecognized command line option '-qversion'; did you mean '--version'?
gcc: fatal error: no input files
compilation terminated.
configure:3305: $? = 1
configure:3325: checking whether the C compiler works
configure:3347: gcc -I/usr/local/include  -L/usr/local/lib conftest.c  >&5
configure:3351: $? = 0
configure:3399: result: yes
configure:3402: checking for C compiler default output file name
configure:3404: result: a.out
configure:3410: checking for suffix of executables
configure:3417: gcc -o conftest -I/usr/local/include  -L/usr/local/lib conftest.c  >&5
configure:3421: $? = 0
configure:3443: result: 
configure:3465: checking whether we are cross compiling
configure:3473: gcc -o conftest -I/usr/local/include  -L/usr/local/lib conftest.c  >&5
configure:3477: $? = 0
configure:3484: ./conftest
configure:3488: $? = 0
configure:3503: result: no
configure:3508: checking for suffix of object files
configure:3530: gcc -c -I/usr/local/include  conftest.c >&5
configure:3534: $? = 0
configure:3555: result: o
configure:3559: checking whether we are using the GNU C compiler
configure:3578: gcc -c -I/usr/local/include  conftest.c >&5
configure:3578: $? = 0
configure:3587: result: yes
configure:3596: checking whether gcc accepts -g
configure:3616: gcc -c -g  conftest.c >&5
configure:3616: $? = 0
configure:3657: result: yes
configure:3674: checking for gcc option to accept ISO C89
configure:3737: gcc  -c -I/usr/local/include  conftest.c >&5
configure:3737: $? = 0
configure:3750: result: none needed
configure:3775: checking whether gcc understands -c and -o together
configure:3797: gcc -c conftest.c -o conftest2.o
configure:3800: $? = 0
configure:3797: gcc -c conftest.c -o conftest2.o
configure:3800: $? = 0
configure:3812: result: yes
configure:3831: checking dependency style of gcc
configure:3942: result: gcc3
configure:4007: checking for ar
configure:4023: found /usr/bin/ar
configure:4034: result: ar
configure:4060: checking the archiver (ar) interface
configure:4076: gcc -c -I/usr/local/include  conftest.c >&5
configure:4076: $? = 0
configure:4078: ar cru libconftest.a conftest.o >&5
configure:4081: $? = 0
configure:4109: result: ar
configure:4158: checking build system type
configure:4172: result: x86_64-apple-darwin19.2.0
configure:4192: checking host system type
configure:4205: result: x86_64-apple-darwin19.2.0
configure:4246: checking how to print strings
configure:4273: result: printf
configure:4294: checking for a sed that does not truncate output
configure:4358: result: /usr/bin/sed
configure:4376: checking for grep that handles long lines and -e
configure:4434: result: /usr/local/bin/ggrep
configure:4439: checking for egrep
configure:4501: result: /usr/local/bin/ggrep -E
configure:4506: checking for fgrep
configure:4568: result: /usr/local/bin/ggrep -F
configure:4603: checking for ld used by gcc
configure:4670: result: /usr/bin/ld
configure:4677: checking if the linker (/usr/bin/ld) is GNU ld
configure:4692: result: no
configure:4704: checking for BSD- or MS-compatible name lister (nm)
configure:4758: result: /usr/bin/nm -B
configure:4888: checking the name lister (/usr/bin/nm -B) interface
configure:4895: gcc -c -I/usr/local/include  conftest.c >&5
configure:4898: /usr/bin/nm -B "conftest.o"
configure:4901: output
0000000000000000 S _some_variable
configure:4908: result: BSD nm
configure:4911: checking whether ln -s works
configure:4915: result: yes
configure:4923: checking the maximum length of command line arguments
configure:5054: result: 196608
configure:5102: checking how to convert x86_64-apple-darwin19.2.0 file names to x86_64-apple-darwin19.2.0 format
configure:5142: result: func_convert_file_noop
configure:5149: checking how to convert x86_64-apple-darwin19.2.0 file names to toolchain format
configure:5169: result: func_convert_file_noop
configure:5176: checking for /usr/bin/ld option to reload object files
configure:5183: result: -r
configure:5257: checking for objdump
configure:5273: found /usr/bin/objdump
configure:5284: result: objdump
configure:5316: checking how to recognize dependent libraries
configure:5516: result: pass_all
configure:5601: checking for dlltool
configure:5631: result: no
configure:5661: checking how to associate runtime and link libraries
configure:5688: result: printf %s\n
configure:5812: checking for archiver @FILE support
configure:5829: gcc -c -I/usr/local/include  conftest.c >&5
configure:5829: $? = 0
configure:5832: ar cru libconftest.a @conftest.lst >&5
ar: @conftest.lst: No such file or directory
configure:5835: $? = 1
configure:5855: result: no
configure:5913: checking for strip
configure:5929: found /usr/bin/strip
configure:5940: result: strip
configure:6012: checking for ranlib
configure:6028: found /usr/bin/ranlib
configure:6039: result: ranlib
configure:6141: checking command to parse /usr/bin/nm -B output from gcc object
configure:6294: gcc -c -I/usr/local/include  conftest.c >&5
configure:6297: $? = 0
configure:6301: /usr/bin/nm -B conftest.o \| sed -n -e 's/^.*[ ]\([BCDEGRST][BCDEGRST]*\)[ ][ ]*\([_A-Za-z][_A-Za-z0-9]*\)$/\1 \2 \2/p' | sed '/ __gnu_lto/d' \> conftest.nm
configure:6304: $? = 0
cannot find nm_test_var in conftest.nm
configure:6294: gcc -c -I/usr/local/include  conftest.c >&5
configure:6297: $? = 0
configure:6301: /usr/bin/nm -B conftest.o \| sed -n -e 's/^.*[ ]\([BCDEGRST][BCDEGRST]*\)[ ][ ]*_\([_A-Za-z][_A-Za-z0-9]*\)$/\1 _\2 \2/p' | sed '/ __gnu_lto/d' \> conftest.nm
configure:6304: $? = 0
configure:6370: gcc -o conftest -I/usr/local/include  -L/usr/local/lib conftest.c conftstm.o >&5
configure:6373: $? = 0
configure:6411: result: ok
configure:6458: checking for sysroot
configure:6488: result: no
configure:6495: checking for a working dd
configure:6533: result: /Users/willrowe/anaconda3/bin/dd
configure:6537: checking how to truncate binary pipes
configure:6552: result: /Users/willrowe/anaconda3/bin/dd bs=4096 count=1
configure:6881: checking for mt
configure:6911: result: no
configure:6931: checking if : is a manifest tool
configure:6937: : '-?'
configure:6945: result: no
configure:7001: checking for dsymutil
configure:7017: found /usr/bin/dsymutil
configure:7028: result: dsymutil
configure:7093: checking for nmedit
configure:7109: found /usr/bin/nmedit
configure:7120: result: nmedit
configure:7185: checking for lipo
configure:7201: found /usr/bin/lipo
configure:7212: result: lipo
configure:7277: checking for otool
configure:7293: found /usr/bin/otool
configure:7304: result: otool
configure:7369: checking for otool64
configure:7399: result: no
configure:7444: checking for -single_module linker flag
gcc -I/usr/local/include -L/usr/local/lib -o libconftest.dylib -dynamiclib -Wl,-single_module conftest.c
configure:7477: result: yes
configure:7480: checking for -exported_symbols_list linker flag
configure:7500: gcc -o conftest -I/usr/local/include  -L/usr/local/lib -Wl,-exported_symbols_list,conftest.sym conftest.c  >&5
configure:7500: $? = 0
configure:7510: result: yes
configure:7513: checking for -force_load linker flag
gcc -I/usr/local/include -c -o conftest.o conftest.c
ar cru libconftest.a conftest.o
ranlib libconftest.a
gcc -I/usr/local/include -L/usr/local/lib -o conftest conftest.c -Wl,-force_load,./libconftest.a
configure:7545: result: yes
configure:7622: checking how to run the C preprocessor
configure:7653: gcc -E  conftest.c
configure:7653: $? = 0
configure:7667: gcc -E  conftest.c
conftest.c:11:10: fatal error: ac_nonexistent.h: No such file or directory
   11 | #include <ac_nonexistent.h>
      |          ^~~~~~~~~~~~~~~~~~
compilation terminated.
configure:7667: $? = 1
configure: failed program was:
| /* confdefs.h */
| #define PACKAGE_NAME "antman"
| #define PACKAGE_TARNAME "antman"
| #define PACKAGE_VERSION "0.0.1"
| #define PACKAGE_STRING "antman 0.0.1"
| #define PACKAGE_BUGREPORT "w.p.m.rowe@gmail.com"
| #define PACKAGE_URL ""
| #define PACKAGE "antman"
| #define VERSION "0.0.1"
| /* end confdefs.h.  */
| #include <ac_nonexistent.h>
configure:7692: result: gcc -E
configure:7712: gcc -E  conftest.c
configure:7712: $? = 0
configure:7726: gcc -E  conftest.c
conftest.c:11:10: fatal error: ac_nonexistent.h: No such file or directory
   11 | #include <ac_nonexistent.h>
      |          ^~~~~~~~~~~~~~~~~~
compilation terminated.
configure:7726: $? = 1
configure: failed program was:
| /* confdefs.h */
| #define PACKAGE_NAME "antman"
| #define PACKAGE_TARNAME "antman"
| #define PACKAGE_VERSION "0.0.1"
| #define PACKAGE_STRING "antman 0.0.1"
| #define PACKAGE_BUGREPORT "w.p.m.rowe@gmail.com"
| #define PACKAGE_URL ""
| #define PACKAGE "antman"
| #define VERSION "0.0.1"
| /* end confdefs.h.  */
| #include <ac_nonexistent.h>
configure:7755: checking for ANSI C header files
configure:7775: gcc -c -I/usr/local/include  conftest.c >&5
configure:7775: $? = 0
configure:7848: gcc -o conftest -I/usr/local/include  -L/usr/local/lib conftest.c  >&5
configure:7848: $? = 0
configure:7848: ./conftest
configure:7848: $? = 0
configure:7859: result: yes
configure:7872: checking for sys/types.h
configure:7872: gcc -c -I/usr/local/include  conftest.c >&5
configure:7872: $? = 0
configure:7872: result: yes
configure:7872: checking for sys/stat.h
configure:7872: gcc -c -I/usr/local/include  conftest.c >&5
configure:7872: $? = 0
configure:7872: result: yes
configure:7872: checking for stdlib.h
configure:7872: gcc -c -I/usr/local/include  conftest.c >&5
configure:7872: $? = 0
configure:7872: result: yes
configure:7872: checking for string.h
configure:7872: gcc -c -I/usr/local/include  conftest.c >&5
configure:7872: $? = 0
configure:7872: result: yes
configure:7872: checking for memory.h
configure:7872: gcc -c -I/usr/local/include  conftest.c >&5
configure:7872: $? = 0
configure:7872: result: yes
configure:7872: checking for strings.h
configure:7872: gcc -c -I/usr/local/include  conftest.c >&5
configure:7872: $? = 0
configure:7872: result: yes
configure:7872: checking for inttypes.h
configure:7872: gcc -c -I/usr/local/include  conftest.c >&5
configure:7872: $? = 0
configure:7872: result: yes
configure:7872: checking for stdint.h
configure:7872: gcc -c -I/usr/local/include  conftest.c >&5
configure:7872: $? = 0
configure:7872: result: yes
configure:7872: checking for unistd.h
configure:7872: gcc -c -I/usr/local/include  conftest.c >&5
configure:7872: $? = 0
configure:7872: result: yes
configure:7886: checking for dlfcn.h
configure:7886: gcc -c -I/usr/local/include  conftest.c >&5
configure:7886: $? = 0
configure:7886: result: yes
configure:8142: checking for objdir
configure:8157: result: .libs
configure:8421: checking if gcc supports -fno-rtti -fno-exceptions
configure:8439: gcc -c -I/usr/local/include  -fno-rtti -fno-exceptions conftest.c >&5
cc1: warning: command line option '-fno-rtti' is valid for C++/D/ObjC++ but not for C
configure:8443: $? = 0
configure:8456: result: no
configure:8814: checking for gcc option to produce PIC
configure:8821: result: -fno-common -DPIC
configure:8829: checking if gcc PIC flag -fno-common -DPIC works
configure:8847: gcc -c -I/usr/local/include  -fno-common -DPIC -DPIC conftest.c >&5
configure:8851: $? = 0
configure:8864: result: yes
configure:8893: checking if gcc static flag -static works
configure:8921: result: no
configure:8936: checking if gcc supports -c -o file.o
configure:8957: gcc -c -I/usr/local/include  -o out/conftest2.o conftest.c >&5
configure:8961: $? = 0
configure:8983: result: yes
configure:8991: checking if gcc supports -c -o file.o
configure:9038: result: yes
configure:9071: checking whether the gcc linker (/usr/bin/ld) supports shared libraries
configure:10330: result: yes
configure:10570: checking dynamic linker characteristics
configure:11388: result: darwin19.2.0 dyld
configure:11510: checking how to hardcode library paths into programs
configure:11535: result: immediate
configure:12083: checking whether stripping libraries is possible
configure:12097: result: yes
configure:12123: checking if libtool supports shared libraries
configure:12125: result: yes
configure:12128: checking whether to build shared libraries
configure:12153: result: yes
configure:12156: checking whether to build static libraries
configure:12160: result: yes
configure:12210: checking libfswatch/c/libfswatch.h usability
configure:12210: gcc -c -I/usr/local/include  conftest.c >&5
configure:12210: $? = 0
configure:12210: result: yes
configure:12210: checking libfswatch/c/libfswatch.h presence
configure:12210: gcc -E  conftest.c
conftest.c:23:10: fatal error: libfswatch/c/libfswatch.h: No such file or directory
   23 | #include <libfswatch/c/libfswatch.h>
      |          ^~~~~~~~~~~~~~~~~~~~~~~~~~~
compilation terminated.
configure:12210: $? = 1
configure: failed program was:
| /* confdefs.h */
| #define PACKAGE_NAME "antman"
| #define PACKAGE_TARNAME "antman"
| #define PACKAGE_VERSION "0.0.1"
| #define PACKAGE_STRING "antman 0.0.1"
| #define PACKAGE_BUGREPORT "w.p.m.rowe@gmail.com"
| #define PACKAGE_URL ""
| #define PACKAGE "antman"
| #define VERSION "0.0.1"
| #define STDC_HEADERS 1
| #define HAVE_SYS_TYPES_H 1
| #define HAVE_SYS_STAT_H 1
| #define HAVE_STDLIB_H 1
| #define HAVE_STRING_H 1
| #define HAVE_MEMORY_H 1
| #define HAVE_STRINGS_H 1
| #define HAVE_INTTYPES_H 1
| #define HAVE_STDINT_H 1
| #define HAVE_UNISTD_H 1
| #define HAVE_DLFCN_H 1
| #define LT_OBJDIR ".libs/"
| /* end confdefs.h.  */
| #include <libfswatch/c/libfswatch.h>
configure:12210: result: no
configure:12210: WARNING: libfswatch/c/libfswatch.h: accepted by the compiler, rejected by the preprocessor!
configure:12210: WARNING: libfswatch/c/libfswatch.h: proceeding with the compiler's result
configure:12210: checking for libfswatch/c/libfswatch.h
configure:12210: result: yes
configure:12224: checking for uint8_t
configure:12224: gcc -c -I/usr/local/include  conftest.c >&5
configure:12224: $? = 0
configure:12224: result: yes
configure:12238: checking for uint32_t
configure:12238: gcc -c -I/usr/local/include  conftest.c >&5
configure:12238: $? = 0
configure:12238: result: yes
configure:12252: checking for uint64_t
configure:12252: gcc -c -I/usr/local/include  conftest.c >&5
configure:12252: $? = 0
configure:12252: result: yes
configure:12268: checking for pthread_create in -lpthread
configure:12293: gcc -o conftest -I/usr/local/include  -L/usr/local/lib conftest.c -lpthread   >&5
configure:12293: $? = 0
configure:12302: result: yes
configure:12313: checking for fsw_init_session in -lfswatch
configure:12338: gcc -o conftest -I/usr/local/include  -L/usr/local/lib conftest.c -lfswatch  -lpthread  >&5
configure:12338: $? = 0
configure:12347: result: yes
configure:12360: checking for fsw_start_monitor in -lfswatch
configure:12385: gcc -o conftest -I/usr/local/include  -L/usr/local/lib conftest.c -lfswatch  -lfswatch -lpthread  >&5
configure:12385: $? = 0
configure:12394: result: yes
configure:12409: checking if __builtin_popcount() is supported
configure:12415: gcc -o conftest -I/usr/local/include  -L/usr/local/lib conftest.c -lfswatch -lfswatch -lpthread  >&5
conftest.c:27:1: warning: return type defaults to 'int' [-Wimplicit-int]
   27 | main(){unsigned int x; x = __builtin_popcount(x);}
      | ^~~~
configure:12415: $? = 0
configure:12580: checking that generated files are newer than configure
configure:12586: result: done
configure:12609: creating ./config.status

## ---------------------- ##
## Running config.status. ##
## ---------------------- ##

This file was extended by antman config.status 0.0.1, which was
generated by GNU Autoconf 2.69.  Invocation command line was

  CONFIG_FILES    = 
  CONFIG_HEADERS  = 
  CONFIG_LINKS    = 
  CONFIG_COMMANDS = 
  $ ./config.status 

on Friday.broadband

config.status:1008: creating Makefile
config.status:1008: creating src/Makefile
config.status:1008: creating src/unit-tests/Makefile
config.status:1180: executing depfiles commands
config.status:1257: cd src       && sed -e '/# am--include-marker/d' Makefile         | make -f - am--depfiles
make: Nothing to be done for `am--depfiles'.
config.status:1262: $? = 0
config.status:1257: cd src/unit-tests       && sed -e '/# am--include-marker/d' Makefile         | make -f - am--depfiles
make: Nothing to be done for `am--depfiles'.
config.status:1262: $? = 0
config.status:1180: executing libtool commands

## ---------------- ##
## Cache variables. ##
## ---------------- ##

ac_cv_build=x86_64-apple-darwin19.2.0
ac_cv_c_compiler_gnu=yes
ac_cv_c_uint32_t=yes
ac_cv_c_uint64_t=yes
ac_cv_c_uint8_t=yes
ac_cv_env_CC_set=
ac_cv_env_CC_value=
ac_cv_env_CFLAGS_set=set
ac_cv_env_CFLAGS_value=-I/usr/local/include
ac_cv_env_CPPFLAGS_set=
ac_cv_env_CPPFLAGS_value=
ac_cv_env_CPP_set=
ac_cv_env_CPP_value=
ac_cv_env_LDFLAGS_set=set
ac_cv_env_LDFLAGS_value=-L/usr/local/lib
ac_cv_env_LIBS_set=
ac_cv_env_LIBS_value=
ac_cv_env_LT_SYS_LIBRARY_PATH_set=
ac_cv_env_LT_SYS_LIBRARY_PATH_value=
ac_cv_env_build_alias_set=
ac_cv_env_build_alias_value=
ac_cv_env_host_alias_set=
ac_cv_env_host_alias_value=
ac_cv_env_target_alias_set=
ac_cv_env_target_alias_value=
ac_cv_header_dlfcn_h=yes
ac_cv_header_inttypes_h=yes
ac_cv_header_libfswatch_c_libfswatch_h=yes
ac_cv_header_memory_h=yes
ac_cv_header_stdc=yes
ac_cv_header_stdint_h=yes
ac_cv_header_stdlib_h=yes
ac_cv_header_string_h=yes
ac_cv_header_strings_h=yes
ac_cv_header_sys_stat_h=yes
ac_cv_header_sys_types_h=yes
ac_cv_header_unistd_h=yes
ac_cv_host=x86_64-apple-darwin19.2.0
ac_cv_lib_fswatch_fsw_init_session=yes
ac_cv_lib_fswatch_fsw_start_monitor=yes
ac_cv_lib_pthread_pthread_create=yes
ac_cv_objext=o
ac_cv_path_EGREP='/usr/local/bin/ggrep -E'
ac_cv_path_FGREP='/usr/local/bin/ggrep -F'
ac_cv_path_GREP=/usr/local/bin/ggrep
ac_cv_path_SED=/usr/bin/sed
ac_cv_path_install='/Users/willrowe/anaconda3/bin/install -c'
ac_cv_path_lt_DD=/Users/willrowe/anaconda3/bin/dd
ac_cv_path_mkdir=/Users/willrowe/anaconda3/bin/mkdir
ac_cv_prog_AWK=gawk
ac_cv_prog_CPP='gcc -E'
ac_cv_prog_ac_ct_AR=ar
ac_cv_prog_ac_ct_CC=gcc
ac_cv_prog_ac_ct_DSYMUTIL=dsymutil
ac_cv_prog_ac_ct_LIPO=lipo
ac_cv_prog_ac_ct_NMEDIT=nmedit
ac_cv_prog_ac_ct_OBJDUMP=objdump
ac_cv_prog_ac_ct_OTOOL=otool
ac_cv_prog_ac_ct_RANLIB=ranlib
ac_cv_prog_ac_ct_STRIP=strip
ac_cv_prog_cc_c89=
ac_cv_prog_cc_g=yes
ac_cv_prog_make_make_set=yes
am_cv_CC_dependencies_compiler_type=gcc3
am_cv_ar_interface=ar
am_cv_make_support_nested_variables=yes
am_cv_prog_cc_c_o=yes
lt_cv_apple_cc_single_mod=yes
lt_cv_ar_at_file=no
lt_cv_deplibs_check_method=pass_all
lt_cv_file_magic_cmd='$MAGIC_CMD'
lt_cv_file_magic_test_file=
lt_cv_ld_exported_symbols_list=yes
lt_cv_ld_force_load=yes
lt_cv_ld_reload_flag=-r
lt_cv_nm_interface='BSD nm'
lt_cv_objdir=.libs
lt_cv_path_LD=/usr/bin/ld
lt_cv_path_NM='/usr/bin/nm -B'
lt_cv_path_mainfest_tool=no
lt_cv_prog_compiler_c_o=yes
lt_cv_prog_compiler_pic='-fno-common -DPIC'
lt_cv_prog_compiler_pic_works=yes
lt_cv_prog_compiler_rtti_exceptions=no
lt_cv_prog_compiler_static_works=no
lt_cv_prog_gnu_ld=no
lt_cv_sharedlib_from_linklib_cmd='printf %s\n'
lt_cv_sys_global_symbol_pipe='sed -n -e '\''s/^.*[	 ]\([BCDEGRST][BCDEGRST]*\)[	 ][	 ]*_\([_A-Za-z][_A-Za-z0-9]*\)$/\1 _\2 \2/p'\'' | sed '\''/ __gnu_lto/d'\'''
lt_cv_sys_global_symbol_to_c_name_address='sed -n -e '\''s/^: \(.*\) .*$/  {"\1", (void *) 0},/p'\'' -e '\''s/^[BCDEGRST][BCDEGRST]* .* \(.*\)$/  {"\1", (void *) \&\1},/p'\'''
lt_cv_sys_global_symbol_to_c_name_address_lib_prefix='sed -n -e '\''s/^: \(.*\) .*$/  {"\1", (void *) 0},/p'\'' -e '\''s/^[BCDEGRST][BCDEGRST]* .* \(lib.*\)$/  {"\1", (void *) \&\1},/p'\'' -e '\''s/^[BCDEGRST][BCDEGRST]* .* \(.*\)$/  {"lib\1", (void *) \&\1},/p'\'''
lt_cv_sys_global_symbol_to_cdecl='sed -n -e '\''s/^T .* \(.*\)$/extern int \1();/p'\'' -e '\''s/^[BCDEGRST][BCDEGRST]* .* \(.*\)$/extern char \1;/p'\'''
lt_cv_sys_global_symbol_to_import=
lt_cv_sys_max_cmd_len=196608
lt_cv_to_host_file_cmd=func_convert_file_noop
lt_cv_to_tool_file_cmd=func_convert_file_noop
lt_cv_truncate_bin='/Users/willrowe/anaconda3/bin/dd bs=4096 count=1'

## ----------------- ##
## Output variables. ##
## ----------------- ##

ACLOCAL='${SHELL} /Users/willrowe/Desktop/antman-stuff/antman/missing aclocal-1.16'
AMDEPBACKSLASH='\'
AMDEP_FALSE='#'
AMDEP_TRUE=''
AMTAR='$${TAR-tar}'
AM_BACKSLASH='\'
AM_DEFAULT_V='$(AM_DEFAULT_VERBOSITY)'
AM_DEFAULT_VERBOSITY='0'
AM_V='$(V)'
AR='ar'
AUTOCONF='${SHELL} /Users/willrowe/Desktop/antman-stuff/antman/missing autoconf'
AUTOHEADER='${SHELL} /Users/willrowe/Desktop/antman-stuff/antman/missing autoheader'
AUTOMAKE='${SHELL} /Users/willrowe/Desktop/antman-stuff/antman/missing automake-1.16'
AWK='gawk'
CC='gcc'
CCDEPMODE='depmode=gcc3'
CFLAGS='-I/usr/local/include'
CONFIG_LOCATION='/tmp/.antman.config'
CPP='gcc -E'
CPPFLAGS=''
CYGPATH_W='echo'
DEFAULT_WATCH_DIR='/var/lib/MinKNOW/data/reads'
DEFS='-DPACKAGE_NAME=\"antman\" -DPACKAGE_TARNAME=\"antman\" -DPACKAGE_VERSION=\"0.0.1\" -DPACKAGE_STRING=\"antman\ 0.0.1\" -DPACKAGE_BUGREPORT=\"w.p.m.rowe@gmail.com\" -DPACKAGE_URL=\"\" -DPACKAGE=\"antman\" -DVERSION=\"0.0.1\" -DSTDC_HEADERS=1 -DHAVE_SYS_TYPES_H=1 -DHAVE_SYS_STAT_H=1 -DHAVE_STDLIB_H=1 -DHAVE_STRING_H=1 -DHAVE_MEMORY_H=1 -DHAVE_STRINGS_H=1 -DHAVE_INTTYPES_H=1 -DHAVE_STDINT_H=1 -DHAVE_UNISTD_H=1 -DHAVE_DLFCN_H=1 -DLT_OBJDIR=\".libs/\" -DHAVE_LIBFSWATCH_C_LIBFSWATCH_H=1 -DHAVE_LIBPTHREAD=1 -DHAVE_LIBFSWATCH=1 -DHAVE_LIBFSWATCH=1'
DEPDIR='.deps'
DLLTOOL='false'
DSYMUTIL='dsymutil'
DUMPBIN=''
ECHO_C='\c'
ECHO_N=''
ECHO_T=''
EGREP='/usr/local/bin/ggrep -E'
EXEEXT=''
FGREP='/usr/local/bin/ggrep -F'
GREP='/usr/local/bin/ggrep'
INSTALL_DATA='${INSTALL} -m 644'
INSTALL_PROGRAM='${INSTALL}'
INSTALL_SCRIPT='${INSTALL}'
INSTALL_STRIP_PROGRAM='$(install_sh) -c -s'
LD='/usr/bin/ld'
LDFLAGS='-L/usr/local/lib'
LIBOBJS=''
LIBS='-lfswatch -lfswatch -lpthread '
LIBTOOL='$(SHELL) $(top_builddir)/libtool'
LIPO='lipo'
LN_S='ln -s'
LTLIBOBJS=''
LT_SYS_LIBRARY_PATH=''
MAKEINFO='${SHELL} /Users/willrowe/Desktop/antman-stuff/antman/missing makeinfo'
MANIFEST_TOOL=':'
MKDIR_P='/Users/willrowe/anaconda3/bin/mkdir -p'
NM='/usr/bin/nm -B'
NMEDIT='nmedit'
OBJDUMP='objdump'
OBJEXT='o'
OTOOL64=':'
OTOOL='otool'
PACKAGE='antman'
PACKAGE_BUGREPORT='w.p.m.rowe@gmail.com'
PACKAGE_NAME='antman'
PACKAGE_STRING='antman 0.0.1'
PACKAGE_TARNAME='antman'
PACKAGE_URL=''
PACKAGE_VERSION='0.0.1'
PATH_SEPARATOR=':'
PROG_NAME='antman'
RANLIB='ranlib'
SED='/usr/bin/sed'
SET_MAKE=''
SHELL='/bin/sh'
STRIP='strip'
VERSION='0.0.1'
ac_ct_AR='ar'
ac_ct_CC='gcc'
ac_ct_DUMPBIN=''
am__EXEEXT_FALSE=''
am__EXEEXT_TRUE='#'
am__fastdepCC_FALSE='#'
am__fastdepCC_TRUE=''
am__include='include'
am__isrc=''
am__leading_dot='.'
am__nodep='_no'
am__quote=''
am__tar='$${TAR-tar} chof - "$$tardir"'
am__untar='$${TAR-tar} xf -'
bindir='${exec_prefix}/bin'
build='x86_64-apple-darwin19.2.0'
build_alias=''
build_cpu='x86_64'
build_os='darwin19.2.0'
build_vendor='apple'
datadir='${datarootdir}'
datarootdir='${prefix}/share'
docdir='${datarootdir}/doc/${PACKAGE_TARNAME}'
dvidir='${docdir}'
exec_prefix='${prefix}'
host='x86_64-apple-darwin19.2.0'
host_alias=''
host_cpu='x86_64'
host_os='darwin19.2.0'
host_vendor='apple'
htmldir='${docdir}'
includedir='${prefix}/include'
infodir='${datarootdir}/info'
install_sh='${SHELL} /Users/willrowe/Desktop/antman-stuff/antman/install-sh'
libdir='${exec_prefix}/lib'
libexecdir='${exec_prefix}/libexec'
localedir='${datarootdir}/locale'
localstatedir='${prefix}/var'
mandir='${datarootdir}/man'
mkdir_p='$(MKDIR_P)'
oldincludedir='/usr/include'
pdfdir='${docdir}'
prefix='/usr/local'
program_transform_name='s,x,x,'
psdir='${docdir}'
sbindir='${exec_prefix}/sbin'
sharedstatedir='${prefix}/com'
sysconfdir='${prefix}/etc'
target_alias=''

## ----------- ##
## confdefs.h. ##
## ----------- ##

/* confdefs.h */
#define PACKAGE_NAME "antman"
#define PACKAGE_TARNAME "antman"
#define PACKAGE_VERSION "0.0.1"
#define PACKAGE_STRING "antman 0.0.1"
#define PACKAGE_BUGREPORT "w.p.m.rowe@gmail.com"
#define PACKAGE_URL ""
#define PACKAGE "antman"
#define VERSION "0.0.1"
#define STDC_HEADERS 1
#define HAVE_SYS_TYPES_H 1
#define HAVE_SYS_STAT_H 1
#define HAVE_STDLIB_H 1
#define HAVE_STRING_H 1
#define HAVE_MEMORY_H 1
#define HAVE_STRINGS_H 1
#define HAVE_INTTYPES_H 1
#define HAVE_STDINT_H 1
#define HAVE_UNISTD_H 1
#define HAVE_DLFCN_H 1
#define LT_OBJDIR ".libs/"
#define HAVE_LIBFSWATCH_C_LIBFSWATCH_H 1
#define HAVE_LIBPTHREAD 1
#define HAVE_LIBFSWATCH 1
#define HAVE_LIBFSWATCH 1

configure: exit 0
